<?xml version="1.0" encoding="UTF-8"?>
<!-- Generated by org.testng.reporters.JUnitReportReporter -->
<testsuite hostname="LAPTOP-5KMO2G2N" failures="0" tests="2" name="q5.TestClass" time="10.696" errors="0" timestamp="15 May 2023 14:44:50 GMT" skipped="0">
  <testcase classname="q5.TestClass" name="searchFlights" time="6.259"/>
  <testcase classname="q5.TestClass" name="verifyLogo" time="4.437"/>
</testsuite> <!-- q5.TestClass -->
